<?xml version="1.0" encoding="UTF-8"?>
<!-- Generated by org.testng.reporters.JUnitXMLReporter -->
<testsuite hostname="Razik" ignored="0" name="Leaftaps Automation Tests" tests="3" failures="1" timestamp="2021-10-30T18:57:55 IST" time="23.276" errors="0">
  <testcase name="verifyHomePageTitleTest" time="0.017" classname="com.qa.testcases.HomePageTest">
    <failure type="java.lang.AssertionError" message="Home Page Title is not matched expected [Leaftap - TestLeaf Automation Platform] but found [Leaftaps - TestLeaf Automation Platform]">
      <![CDATA[java.lang.AssertionError: Home Page Title is not matched expected [Leaftap - TestLeaf Automation Platform] but found [Leaftaps - TestLeaf Automation Platform]
at com.qa.testcases.HomePageTest.verifyHomePageTitleTest(HomePageTest.java:40)
at java.util.ArrayList.forEach(Unknown Source)
... Removed 33 stack frames]]>
    </failure>
  </testcase> <!-- verifyHomePageTitleTest -->
  <testcase name="verifyLogoutTest" time="0.331" classname="com.qa.testcases.HomePageTest"/>
  <testcase name="verifyCRMSFALinkTest" time="2.853" classname="com.qa.testcases.HomePageTest"/>
</testsuite> <!-- Leaftaps Automation Tests -->
