<?xml version="1.0" encoding="UTF-8"?>
<!-- Generated by org.testng.reporters.JUnitXMLReporter -->
<testsuite hostname="Razik" ignored="0" name="Default test" tests="4" failures="0" timestamp="2021-11-13T13:20:06 IST" time="72.279" errors="0">
  <testcase name="validateCreateContactTest" time="4.541" classname="com.qa.testcases.CreateContactsPageTest"/>
  <testcase name="validateCreateContactTest" time="3.374" classname="com.qa.testcases.CreateContactsPageTest"/>
  <testcase name="validateCreateContactTest" time="3.265" classname="com.qa.testcases.CreateContactsPageTest"/>
  <testcase name="validateCreateContactTest" time="4.113" classname="com.qa.testcases.CreateContactsPageTest"/>
</testsuite> <!-- Default test -->
