<?xml version="1.0" encoding="UTF-8"?>
<testng-results skipped="0" failed="0" ignored="0" total="4" passed="4">
  <reporter-output>
  </reporter-output>
  <suite name="Default suite" duration-ms="72279" started-at="2021-11-13T13:18:54 IST" finished-at="2021-11-13T13:20:06 IST">
    <groups>
      <group name="cucumber">
        <method signature="AbstractTestNGCucumberTests.runScenario(cucumber.api.testng.PickleEventWrapper,cucumber.api.testng.CucumberFeatureWrapper)[pri:0, instance:com.qa.testcases.CreateContactsPageTest@f7c8c1]" name="runScenario" class="cucumber.api.testng.AbstractTestNGCucumberTests"/>
      </group> <!-- cucumber -->
    </groups>
    <test name="Default test" duration-ms="72279" started-at="2021-11-13T13:18:54 IST" finished-at="2021-11-13T13:20:06 IST">
      <class name="com.qa.testcases.CreateContactsPageTest">
        <test-method status="PASS" signature="set()[pri:0, instance:com.qa.testcases.CreateContactsPageTest@f7c8c1]" name="set" is-config="true" duration-ms="20" started-at="2021-11-13T13:18:54 IST" finished-at="2021-11-13T13:18:54 IST">
          <reporter-output>
          </reporter-output>
        </test-method> <!-- set -->
        <test-method status="PASS" signature="setUpClass()[pri:0, instance:com.qa.testcases.CreateContactsPageTest@f7c8c1]" name="setUpClass" is-config="true" duration-ms="175" started-at="2021-11-13T13:18:54 IST" finished-at="2021-11-13T13:18:54 IST">
          <reporter-output>
          </reporter-output>
        </test-method> <!-- setUpClass -->
        <test-method status="PASS" signature="setup()[pri:0, instance:com.qa.testcases.CreateContactsPageTest@f7c8c1]" name="setup" is-config="true" duration-ms="16921" started-at="2021-11-13T13:18:55 IST" finished-at="2021-11-13T13:19:12 IST">
          <reporter-output>
          </reporter-output>
        </test-method> <!-- setup -->
        <test-method status="PASS" signature="validateCreateContactTest(java.lang.String,java.lang.String,java.lang.String)[pri:0, instance:com.qa.testcases.CreateContactsPageTest@f7c8c1]" name="validateCreateContactTest" duration-ms="4541" started-at="2021-11-13T13:19:12 IST" data-provider="fetchData" finished-at="2021-11-13T13:19:17 IST">
          <params>
            <param index="0">
              <value>
                <![CDATA[Mohamed]]>
              </value>
            </param>
            <param index="1">
              <value>
                <![CDATA[Kalith]]>
              </value>
            </param>
            <param index="2">
              <value>
                <![CDATA[BHD]]>
              </value>
            </param>
          </params>
          <reporter-output>
          </reporter-output>
        </test-method> <!-- validateCreateContactTest -->
        <test-method status="PASS" signature="tearDown()[pri:0, instance:com.qa.testcases.CreateContactsPageTest@f7c8c1]" name="tearDown" is-config="true" duration-ms="2112" started-at="2021-11-13T13:19:17 IST" finished-at="2021-11-13T13:19:19 IST">
          <reporter-output>
          </reporter-output>
        </test-method> <!-- tearDown -->
        <test-method status="PASS" signature="setup()[pri:0, instance:com.qa.testcases.CreateContactsPageTest@f7c8c1]" name="setup" is-config="true" duration-ms="10232" started-at="2021-11-13T13:19:19 IST" finished-at="2021-11-13T13:19:29 IST">
          <reporter-output>
          </reporter-output>
        </test-method> <!-- setup -->
        <test-method status="PASS" signature="validateCreateContactTest(java.lang.String,java.lang.String,java.lang.String)[pri:0, instance:com.qa.testcases.CreateContactsPageTest@f7c8c1]" name="validateCreateContactTest" duration-ms="3374" started-at="2021-11-13T13:19:29 IST" data-provider="fetchData" finished-at="2021-11-13T13:19:33 IST">
          <params>
            <param index="0">
              <value>
                <![CDATA[Kadar]]>
              </value>
            </param>
            <param index="1">
              <value>
                <![CDATA[Nawas]]>
              </value>
            </param>
            <param index="2">
              <value>
                <![CDATA[INR]]>
              </value>
            </param>
          </params>
          <reporter-output>
          </reporter-output>
        </test-method> <!-- validateCreateContactTest -->
        <test-method status="PASS" signature="tearDown()[pri:0, instance:com.qa.testcases.CreateContactsPageTest@f7c8c1]" name="tearDown" is-config="true" duration-ms="2065" started-at="2021-11-13T13:19:33 IST" finished-at="2021-11-13T13:19:35 IST">
          <reporter-output>
          </reporter-output>
        </test-method> <!-- tearDown -->
        <test-method status="PASS" signature="setup()[pri:0, instance:com.qa.testcases.CreateContactsPageTest@f7c8c1]" name="setup" is-config="true" duration-ms="9728" started-at="2021-11-13T13:19:35 IST" finished-at="2021-11-13T13:19:44 IST">
          <reporter-output>
          </reporter-output>
        </test-method> <!-- setup -->
        <test-method status="PASS" signature="validateCreateContactTest(java.lang.String,java.lang.String,java.lang.String)[pri:0, instance:com.qa.testcases.CreateContactsPageTest@f7c8c1]" name="validateCreateContactTest" duration-ms="3265" started-at="2021-11-13T13:19:44 IST" data-provider="fetchData" finished-at="2021-11-13T13:19:48 IST">
          <params>
            <param index="0">
              <value>
                <![CDATA[Syed]]>
              </value>
            </param>
            <param index="1">
              <value>
                <![CDATA[Afsal]]>
              </value>
            </param>
            <param index="2">
              <value>
                <![CDATA[SGD]]>
              </value>
            </param>
          </params>
          <reporter-output>
          </reporter-output>
        </test-method> <!-- validateCreateContactTest -->
        <test-method status="PASS" signature="tearDown()[pri:0, instance:com.qa.testcases.CreateContactsPageTest@f7c8c1]" name="tearDown" is-config="true" duration-ms="2087" started-at="2021-11-13T13:19:48 IST" finished-at="2021-11-13T13:19:50 IST">
          <reporter-output>
          </reporter-output>
        </test-method> <!-- tearDown -->
        <test-method status="PASS" signature="setup()[pri:0, instance:com.qa.testcases.CreateContactsPageTest@f7c8c1]" name="setup" is-config="true" duration-ms="10104" started-at="2021-11-13T13:19:50 IST" finished-at="2021-11-13T13:20:00 IST">
          <reporter-output>
          </reporter-output>
        </test-method> <!-- setup -->
        <test-method status="PASS" signature="validateCreateContactTest(java.lang.String,java.lang.String,java.lang.String)[pri:0, instance:com.qa.testcases.CreateContactsPageTest@f7c8c1]" name="validateCreateContactTest" duration-ms="4113" started-at="2021-11-13T13:20:00 IST" data-provider="fetchData" finished-at="2021-11-13T13:20:04 IST">
          <params>
            <param index="0">
              <value>
                <![CDATA[Kadar]]>
              </value>
            </param>
            <param index="1">
              <value>
                <![CDATA[Riyas]]>
              </value>
            </param>
            <param index="2">
              <value>
                <![CDATA[GBP]]>
              </value>
            </param>
          </params>
          <reporter-output>
          </reporter-output>
        </test-method> <!-- validateCreateContactTest -->
        <test-method status="PASS" signature="tearDown()[pri:0, instance:com.qa.testcases.CreateContactsPageTest@f7c8c1]" name="tearDown" is-config="true" duration-ms="2100" started-at="2021-11-13T13:20:04 IST" finished-at="2021-11-13T13:20:06 IST">
          <reporter-output>
          </reporter-output>
        </test-method> <!-- tearDown -->
        <test-method status="PASS" signature="tearDownClass()[pri:0, instance:com.qa.testcases.CreateContactsPageTest@f7c8c1]" name="tearDownClass" is-config="true" duration-ms="27" started-at="2021-11-13T13:20:06 IST" finished-at="2021-11-13T13:20:06 IST">
          <reporter-output>
          </reporter-output>
        </test-method> <!-- tearDownClass -->
      </class> <!-- com.qa.testcases.CreateContactsPageTest -->
    </test> <!-- Default test -->
  </suite> <!-- Default suite -->
</testng-results>
